INFO 2025-09-08 16:07:30,454 autoreload 30456 32644 Watching for file changes with StatReloader
INFO 2025-09-08 16:09:49,838 basehttp 30456 24488 "GET /admin/auditoria/auditorialog/ HTTP/1.1" 302 0
INFO 2025-09-08 16:09:50,423 basehttp 30456 24488 "GET /admin/login/?next=/admin/auditoria/auditorialog/ HTTP/1.1" 200 4269
INFO 2025-09-08 16:10:03,227 basehttp 30456 24488 "POST /admin/login/?next=/admin/auditoria/auditorialog/ HTTP/1.1" 302 0
INFO 2025-09-08 16:10:03,710 basehttp 30456 24488 "GET /admin/auditoria/auditorialog/ HTTP/1.1" 200 17168
INFO 2025-09-08 16:10:04,060 basehttp 30456 24488 "GET /admin/jsi18n/ HTTP/1.1" 200 8691
INFO 2025-09-08 16:10:04,383 basehttp 30456 16664 - Broken pipe from ('127.0.0.1', 54789)
INFO 2025-09-08 16:10:04,433 basehttp 30456 5968 - Broken pipe from ('127.0.0.1', 54788)
INFO 2025-09-08 16:10:04,493 basehttp 30456 25124 - Broken pipe from ('127.0.0.1', 54791)
INFO 2025-09-08 16:10:04,505 basehttp 30456 31404 - Broken pipe from ('127.0.0.1', 54790)
WARNING 2025-09-08 16:10:05,577 log 30456 24488 Not Found: /favicon.ico
INFO 2025-09-08 16:10:05,600 basehttp 30456 24488 - Broken pipe from ('127.0.0.1', 54786)
INFO 2025-09-08 16:10:08,960 basehttp 30456 27284 "GET /admin/auth/user/ HTTP/1.1" 200 12629
INFO 2025-09-08 16:10:09,227 basehttp 30456 27284 "GET /admin/jsi18n/ HTTP/1.1" 200 8691
INFO 2025-09-08 16:10:11,373 basehttp 30456 27284 "GET /admin/socios/socio/ HTTP/1.1" 200 14964
INFO 2025-09-08 16:10:11,722 basehttp 30456 27284 "GET /admin/jsi18n/ HTTP/1.1" 200 8691
INFO 2025-09-08 16:10:11,724 basehttp 30456 27832 "GET /static/admin/css/forms.css HTTP/1.1" 304 0
INFO 2025-09-08 16:10:11,826 basehttp 30456 27284 "GET /static/admin/css/widgets.css HTTP/1.1" 304 0
INFO 2025-09-08 16:10:13,884 basehttp 30456 27284 "GET /admin/socios/aporte/ HTTP/1.1" 200 11117
INFO 2025-09-08 16:10:14,092 basehttp 30456 27284 "GET /admin/jsi18n/ HTTP/1.1" 200 8691
INFO 2025-09-08 16:10:16,688 basehttp 30456 27284 "GET /admin/auditoria/auditorialog/ HTTP/1.1" 200 17168
INFO 2025-09-08 16:10:16,956 basehttp 30456 27284 "GET /admin/jsi18n/ HTTP/1.1" 200 8691
WARNING 2025-09-08 16:10:17,205 log 30456 27284 Not Found: /favicon.ico
INFO 2025-09-08 16:10:17,214 basehttp 30456 27284 - Broken pipe from ('127.0.0.1', 54794)
INFO 2025-09-08 16:12:04,612 autoreload 30744 25568 Watching for file changes with StatReloader
INFO 2025-09-08 16:12:11,969 basehttp 30744 30244 "GET /admin/auditoria/auditorialog/ HTTP/1.1" 200 18745
INFO 2025-09-08 16:12:12,222 basehttp 30744 30244 "GET /admin/jsi18n/ HTTP/1.1" 200 8691
INFO 2025-09-08 16:12:18,215 basehttp 30744 30244 "GET /api/swagger/ HTTP/1.1" 200 4658
INFO 2025-09-08 16:12:20,661 basehttp 30744 30244 "GET /api/schema/ HTTP/1.1" 200 124331
INFO 2025-09-10 09:22:19,079 autoreload 22840 29840 Watching for file changes with StatReloader
WARNING 2025-09-10 09:23:07,087 log 22840 23344 Not Found: /
WARNING 2025-09-10 09:23:07,088 basehttp 22840 23344 "GET / HTTP/1.1" 404 3409
INFO 2025-09-10 09:23:12,905 basehttp 22840 23344 "GET /admin/ HTTP/1.1" 200 7815
INFO 2025-09-10 09:23:12,982 basehttp 22840 23344 "GET /static/admin/css/base.css HTTP/1.1" 304 0
INFO 2025-09-10 09:23:12,983 basehttp 22840 21244 "GET /static/admin/css/dark_mode.css HTTP/1.1" 304 0
INFO 2025-09-10 09:23:12,985 basehttp 22840 29188 "GET /static/admin/css/nav_sidebar.css HTTP/1.1" 304 0
INFO 2025-09-10 09:23:12,986 basehttp 22840 23344 "GET /static/admin/css/dashboard.css HTTP/1.1" 304 0
INFO 2025-09-10 09:23:12,988 basehttp 22840 21244 "GET /static/admin/css/responsive.css HTTP/1.1" 304 0
INFO 2025-09-10 09:23:12,989 basehttp 22840 6908 "GET /static/admin/js/nav_sidebar.js HTTP/1.1" 304 0
INFO 2025-09-10 09:23:12,989 basehttp 22840 29188 "GET /static/admin/js/theme.js HTTP/1.1" 304 0
INFO 2025-09-10 09:23:13,206 basehttp 22840 6908 "GET /static/admin/img/icon-changelink.svg HTTP/1.1" 200 380
INFO 2025-09-10 09:23:13,212 basehttp 22840 23344 "GET /static/admin/img/icon-viewlink.svg HTTP/1.1" 200 581
INFO 2025-09-10 09:23:13,212 basehttp 22840 21244 "GET /static/admin/img/icon-addlink.svg HTTP/1.1" 200 331
INFO 2025-09-10 13:14:26,137 autoreload 4016 16268 Watching for file changes with StatReloader
INFO 2025-09-10 13:14:45,907 basehttp 4016 6120 "GET /admin/ HTTP/1.1" 200 9576
WARNING 2025-09-10 13:14:46,085 log 4016 6120 Not Found: /favicon.ico
INFO 2025-09-10 13:14:46,086 basehttp 4016 6120 - Broken pipe from ('127.0.0.1', 60151)
INFO 2025-09-10 13:14:47,912 basehttp 4016 4220 "POST /admin/logout/ HTTP/1.1" 200 3622
INFO 2025-09-10 13:14:49,226 basehttp 4016 4220 "GET /admin/ HTTP/1.1" 302 0
INFO 2025-09-10 13:14:49,270 basehttp 4016 4220 "GET /admin/login/?next=/admin/ HTTP/1.1" 200 4238
INFO 2025-09-10 13:14:49,324 basehttp 4016 4220 "GET /static/admin/css/login.css HTTP/1.1" 304 0
INFO 2025-09-10 13:14:58,216 basehttp 4016 4220 "POST /admin/login/?next=/admin/ HTTP/1.1" 302 0
INFO 2025-09-10 13:14:58,250 basehttp 4016 4220 "GET /admin/ HTTP/1.1" 200 9576
INFO 2025-09-10 13:15:00,276 basehttp 4016 4220 "GET /admin/socios/socio/ HTTP/1.1" 200 16541
INFO 2025-09-10 13:15:00,368 basehttp 4016 4220 "GET /static/admin/css/changelists.css HTTP/1.1" 304 0
INFO 2025-09-10 13:15:00,382 basehttp 4016 14788 "GET /static/admin/js/vendor/jquery/jquery.js HTTP/1.1" 304 0
INFO 2025-09-10 13:15:00,387 basehttp 4016 27976 "GET /static/admin/js/jquery.init.js HTTP/1.1" 304 0
INFO 2025-09-10 13:15:00,388 basehttp 4016 13716 "GET /static/admin/js/core.js HTTP/1.1" 304 0
INFO 2025-09-10 13:15:00,391 basehttp 4016 14788 "GET /static/admin/js/actions.js HTTP/1.1" 304 0
INFO 2025-09-10 13:15:00,392 basehttp 4016 19660 "GET /static/admin/js/admin/RelatedObjectLookups.js HTTP/1.1" 304 0
INFO 2025-09-10 13:15:00,395 basehttp 4016 4220 "GET /admin/jsi18n/ HTTP/1.1" 200 8691
INFO 2025-09-10 13:15:00,399 basehttp 4016 14788 "GET /static/admin/js/vendor/xregexp/xregexp.js HTTP/1.1" 304 0
INFO 2025-09-10 13:15:00,399 basehttp 4016 13716 "GET /static/admin/js/prepopulate.js HTTP/1.1" 304 0
INFO 2025-09-10 13:15:00,400 basehttp 4016 27976 "GET /static/admin/js/urlify.js HTTP/1.1" 304 0
INFO 2025-09-10 13:15:00,400 basehttp 4016 19660 "GET /static/admin/js/filters.js HTTP/1.1" 304 0
INFO 2025-09-10 13:15:00,472 basehttp 4016 17024 "GET /static/admin/css/forms.css HTTP/1.1" 200 8525
INFO 2025-09-10 13:15:00,474 basehttp 4016 4220 "GET /static/admin/img/search.svg HTTP/1.1" 200 458
INFO 2025-09-10 13:15:00,481 basehttp 4016 4220 "GET /static/admin/css/widgets.css HTTP/1.1" 200 11991
INFO 2025-09-10 13:15:00,512 basehttp 4016 4220 "GET /static/admin/img/tooltag-add.svg HTTP/1.1" 200 331
INFO 2025-09-10 13:15:00,512 basehttp 4016 17024 "GET /static/admin/img/sorting-icons.svg HTTP/1.1" 200 1097
INFO 2025-09-10 13:15:08,351 basehttp 4016 4220 "GET /admin/socios/socio/add/ HTTP/1.1" 200 18275
INFO 2025-09-10 13:15:08,424 basehttp 4016 4220 "GET /admin/jsi18n/ HTTP/1.1" 200 8691
INFO 2025-09-10 13:15:08,428 basehttp 4016 4220 "GET /static/admin/js/change_form.js HTTP/1.1" 200 606
INFO 2025-09-10 13:15:08,428 basehttp 4016 17024 "GET /static/admin/js/prepopulate_init.js HTTP/1.1" 200 586
INFO 2025-09-10 13:15:29,882 basehttp 4016 4220 "POST /admin/socios/socio/add/ HTTP/1.1" 302 0
INFO 2025-09-10 13:15:29,918 basehttp 4016 4220 "GET /admin/socios/socio/ HTTP/1.1" 200 17485
INFO 2025-09-10 13:15:29,980 basehttp 4016 4220 "GET /admin/jsi18n/ HTTP/1.1" 200 8691
INFO 2025-09-10 13:15:30,025 basehttp 4016 4220 "GET /static/admin/img/icon-yes.svg HTTP/1.1" 200 436
WARNING 2025-09-10 13:16:02,715 log 4016 15380 Unauthorized: /api/token/
WARNING 2025-09-10 13:16:02,716 basehttp 4016 15380 "POST /api/token/ HTTP/1.1" 401 36
WARNING 2025-09-10 13:17:07,085 log 4016 21636 Unauthorized: /api/token/
WARNING 2025-09-10 13:17:07,086 basehttp 4016 21636 "POST /api/token/ HTTP/1.1" 401 36
INFO 2025-09-10 13:24:32,210 autoreload 30944 21068 Watching for file changes with StatReloader
INFO 2025-09-10 13:24:39,165 basehttp 30944 9448 "GET /admin/auth/user/ HTTP/1.1" 200 14208
INFO 2025-09-10 13:24:39,280 basehttp 30944 9448 "GET /admin/jsi18n/ HTTP/1.1" 200 8691
INFO 2025-09-10 13:24:40,892 basehttp 30944 9448 "GET /admin/socios/socio/ HTTP/1.1" 200 17270
INFO 2025-09-10 13:24:40,995 basehttp 30944 9448 "GET /admin/jsi18n/ HTTP/1.1" 200 8691
INFO 2025-09-10 13:25:02,020 basehttp 30944 9448 "GET /admin/socios/socio/add/ HTTP/1.1" 200 18275
INFO 2025-09-10 13:25:02,095 basehttp 30944 9448 "GET /admin/jsi18n/ HTTP/1.1" 200 8691
ERROR 2025-09-10 13:25:04,011 log 30944 9448 Internal Server Error: /admin/socios/socio/add/
Traceback (most recent call last):
  File "C:\Users\PG\Desktop\Materias\Sistemas de informacion 2\Proyectos\proyecto_Final\Backend_Django\cooperativaSI2Back\.venv\Lib\site-packages\django\core\handlers\exception.py", line 55, in inner
    response = get_response(request)
  File "C:\Users\PG\Desktop\Materias\Sistemas de informacion 2\Proyectos\proyecto_Final\Backend_Django\cooperativaSI2Back\.venv\Lib\site-packages\django\core\handlers\base.py", line 197, in _get_response
    response = wrapped_callback(request, *callback_args, **callback_kwargs)
  File "C:\Users\PG\AppData\Local\Programs\Python\Python313\Lib\contextlib.py", line 85, in inner
    return func(*args, **kwds)
  File "C:\Users\PG\Desktop\Materias\Sistemas de informacion 2\Proyectos\proyecto_Final\Backend_Django\cooperativaSI2Back\.venv\Lib\site-packages\django\contrib\admin\options.py", line 719, in wrapper
    return self.admin_site.admin_view(view)(*args, **kwargs)
           ~~~~~~~~~~~~~~~~~~~~~~~~~~~~~~~~^^^^^^^^^^^^^^^^^
  File "C:\Users\PG\Desktop\Materias\Sistemas de informacion 2\Proyectos\proyecto_Final\Backend_Django\cooperativaSI2Back\.venv\Lib\site-packages\django\utils\decorators.py", line 192, in _view_wrapper
    result = _process_exception(request, e)
  File "C:\Users\PG\Desktop\Materias\Sistemas de informacion 2\Proyectos\proyecto_Final\Backend_Django\cooperativaSI2Back\.venv\Lib\site-packages\django\utils\decorators.py", line 190, in _view_wrapper
    response = view_func(request, *args, **kwargs)
  File "C:\Users\PG\Desktop\Materias\Sistemas de informacion 2\Proyectos\proyecto_Final\Backend_Django\cooperativaSI2Back\.venv\Lib\site-packages\django\views\decorators\cache.py", line 80, in _view_wrapper
    response = view_func(request, *args, **kwargs)
  File "C:\Users\PG\Desktop\Materias\Sistemas de informacion 2\Proyectos\proyecto_Final\Backend_Django\cooperativaSI2Back\.venv\Lib\site-packages\django\contrib\admin\sites.py", line 246, in inner
    return view(request, *args, **kwargs)
  File "C:\Users\PG\Desktop\Materias\Sistemas de informacion 2\Proyectos\proyecto_Final\Backend_Django\cooperativaSI2Back\.venv\Lib\site-packages\django\contrib\admin\options.py", line 1984, in add_view
    return self.changeform_view(request, None, form_url, extra_context)
           ~~~~~~~~~~~~~~~~~~~~^^^^^^^^^^^^^^^^^^^^^^^^^^^^^^^^^^^^^^^^
  File "C:\Users\PG\Desktop\Materias\Sistemas de informacion 2\Proyectos\proyecto_Final\Backend_Django\cooperativaSI2Back\.venv\Lib\site-packages\django\utils\decorators.py", line 48, in _wrapper
    return bound_method(*args, **kwargs)
  File "C:\Users\PG\Desktop\Materias\Sistemas de informacion 2\Proyectos\proyecto_Final\Backend_Django\cooperativaSI2Back\.venv\Lib\site-packages\django\utils\decorators.py", line 192, in _view_wrapper
    result = _process_exception(request, e)
  File "C:\Users\PG\Desktop\Materias\Sistemas de informacion 2\Proyectos\proyecto_Final\Backend_Django\cooperativaSI2Back\.venv\Lib\site-packages\django\utils\decorators.py", line 190, in _view_wrapper
    response = view_func(request, *args, **kwargs)
  File "C:\Users\PG\Desktop\Materias\Sistemas de informacion 2\Proyectos\proyecto_Final\Backend_Django\cooperativaSI2Back\.venv\Lib\site-packages\django\contrib\admin\options.py", line 1843, in changeform_view
    return self._changeform_view(request, object_id, form_url, extra_context)
           ~~~~~~~~~~~~~~~~~~~~~^^^^^^^^^^^^^^^^^^^^^^^^^^^^^^^^^^^^^^^^^^^^^
  File "C:\Users\PG\Desktop\Materias\Sistemas de informacion 2\Proyectos\proyecto_Final\Backend_Django\cooperativaSI2Back\.venv\Lib\site-packages\django\contrib\admin\options.py", line 1888, in _changeform_view
    form_validated = form.is_valid()
  File "C:\Users\PG\Desktop\Materias\Sistemas de informacion 2\Proyectos\proyecto_Final\Backend_Django\cooperativaSI2Back\.venv\Lib\site-packages\django\forms\forms.py", line 206, in is_valid
    return self.is_bound and not self.errors
                                 ^^^^^^^^^^^
  File "C:\Users\PG\Desktop\Materias\Sistemas de informacion 2\Proyectos\proyecto_Final\Backend_Django\cooperativaSI2Back\.venv\Lib\site-packages\django\forms\forms.py", line 201, in errors
    self.full_clean()
    ~~~~~~~~~~~~~~~^^
  File "C:\Users\PG\Desktop\Materias\Sistemas de informacion 2\Proyectos\proyecto_Final\Backend_Django\cooperativaSI2Back\.venv\Lib\site-packages\django\forms\forms.py", line 339, in full_clean
    self._post_clean()
    ~~~~~~~~~~~~~~~~^^
  File "C:\Users\PG\Desktop\Materias\Sistemas de informacion 2\Proyectos\proyecto_Final\Backend_Django\cooperativaSI2Back\.venv\Lib\site-packages\django\forms\models.py", line 498, in _post_clean
    self.instance.full_clean(exclude=exclude, validate_unique=False)
    ~~~~~~~~~~~~~~~~~~~~~~~~^^^^^^^^^^^^^^^^^^^^^^^^^^^^^^^^^^^^^^^^
  File "C:\Users\PG\Desktop\Materias\Sistemas de informacion 2\Proyectos\proyecto_Final\Backend_Django\cooperativaSI2Back\.venv\Lib\site-packages\django\db\models\base.py", line 1654, in full_clean
    self.clean()
    ~~~~~~~~~~^^
  File "C:\Users\PG\Desktop\Materias\Sistemas de informacion 2\Proyectos\proyecto_Final\Backend_Django\cooperativaSI2Back\apps\socios\models.py", line 63, in clean
    if self.usuario and not self.usuario.documento_identidad:
       ^^^^^^^^^^^^
  File "C:\Users\PG\Desktop\Materias\Sistemas de informacion 2\Proyectos\proyecto_Final\Backend_Django\cooperativaSI2Back\.venv\Lib\site-packages\django\db\models\fields\related_descriptors.py", line 271, in __get__
    raise self.RelatedObjectDoesNotExist(
        "%s has no %s." % (self.field.model.__name__, self.field.name)
    )
apps.socios.models.Socio.usuario.RelatedObjectDoesNotExist: Socio has no usuario.. Did you mean: 'usuario_id'?
ERROR 2025-09-10 13:25:04,029 basehttp 30944 9448 "POST /admin/socios/socio/add/ HTTP/1.1" 500 170864
INFO 2025-09-10 13:25:05,532 basehttp 30944 9448 "GET /admin/socios/socio/add/ HTTP/1.1" 200 18275
INFO 2025-09-10 13:25:06,914 basehttp 30944 9448 "GET /admin/socios/socio/ HTTP/1.1" 200 17270
INFO 2025-09-10 13:25:07,012 basehttp 30944 9448 "GET /admin/jsi18n/ HTTP/1.1" 200 8691
INFO 2025-09-10 13:59:28,509 basehttp 30944 10448 "GET /admin/socios/socio/1/change/ HTTP/1.1" 200 18674
INFO 2025-09-10 13:59:28,683 basehttp 30944 10448 "GET /admin/jsi18n/ HTTP/1.1" 200 8691
INFO 2025-09-10 13:59:30,923 basehttp 30944 10448 "GET /admin/socios/socio/1/delete/ HTTP/1.1" 200 10153
INFO 2025-09-10 13:59:31,076 basehttp 30944 10448 "GET /static/admin/js/cancel.js HTTP/1.1" 200 884
INFO 2025-09-10 13:59:32,170 basehttp 30944 10448 "POST /admin/socios/socio/1/delete/ HTTP/1.1" 302 0
INFO 2025-09-10 13:59:32,202 basehttp 30944 10448 "GET /admin/socios/socio/ HTTP/1.1" 200 16705
INFO 2025-09-10 13:59:32,274 basehttp 30944 10448 "GET /admin/jsi18n/ HTTP/1.1" 200 8691
INFO 2025-09-10 13:59:37,145 basehttp 30944 10448 "GET /admin/socios/socio/add/ HTTP/1.1" 200 18275
INFO 2025-09-10 13:59:37,213 basehttp 30944 10448 "GET /admin/jsi18n/ HTTP/1.1" 200 8691
INFO 2025-09-10 13:59:40,196 basehttp 30944 10448 "GET /admin/socios/socio/ HTTP/1.1" 200 16536
INFO 2025-09-10 13:59:40,271 basehttp 30944 10448 "GET /admin/jsi18n/ HTTP/1.1" 200 8691
INFO 2025-09-10 13:59:42,547 basehttp 30944 10448 "GET /admin/socios/socio/add/ HTTP/1.1" 200 18275
INFO 2025-09-10 13:59:42,621 basehttp 30944 10448 "GET /admin/jsi18n/ HTTP/1.1" 200 8691
INFO 2025-09-10 14:00:08,130 basehttp 30944 10448 "POST /admin/socios/socio/add/ HTTP/1.1" 302 0
INFO 2025-09-10 14:00:08,161 basehttp 30944 10448 "GET /admin/socios/socio/ HTTP/1.1" 200 17488
INFO 2025-09-10 14:00:08,242 basehttp 30944 10448 "GET /admin/jsi18n/ HTTP/1.1" 200 8691
